
*** Running vivado
    with args -log hog_wrapper_wrapper.vds -m64 -product Vivado -mode batch -messageDb vivado.pb -notrace -source hog_wrapper_wrapper.tcl



****** Vivado v2022.2 (64-bit)
  **** SW Build 3671981 on Fri Oct 14 05:00:03 MDT 2022
  **** IP Build 3669848 on Fri Oct 14 08:30:02 MDT 2022
    ** Copyright 1986-2022 Xilinx, Inc. All Rights Reserved.

source hog_wrapper_wrapper.tcl -notrace
create_project: Time (s): cpu = 00:00:06 ; elapsed = 00:00:06 . Memory (MB): peak = 522.477 ; gain = 94.211
INFO: [IP_Flow 19-234] Refreshing IP repositories
INFO: [IP_Flow 19-1700] Loaded user IP repository 'd:/tcc/nathanzeidan/nathanszeidan_tcc/hog/hog.srcs/sources_1/new'.
INFO: [IP_Flow 19-2313] Loaded Vivado IP repository 'C:/Xilinx/Vivado/2022.2/data/ip'.
Command: synth_design -top hog_wrapper_wrapper -part xck26-sfvc784-2LV-c
Starting synth_design
Attempting to get a license for feature 'Synthesis' and/or device 'xck26'
INFO: [Common 17-349] Got license for feature 'Synthesis' and/or device 'xck26'
INFO: [Device 21-403] Loading part xck26-sfvc784-2LV-c
INFO: [Synth 8-7079] Multithreading enabled for synth_design using a maximum of 2 processes.
INFO: [Synth 8-7078] Launching helper process for spawning children vivado processes
INFO: [Synth 8-7075] Helper process launched with PID 12808
INFO: [Synth 8-11241] undeclared symbol 'REGCCE', assumed default net type 'wire' [C:/Xilinx/Vivado/2022.2/data/verilog/src/unimacro/BRAM_SINGLE_MACRO.v:2170]
---------------------------------------------------------------------------------
Starting RTL Elaboration : Time (s): cpu = 00:00:05 ; elapsed = 00:00:06 . Memory (MB): peak = 1951.730 ; gain = 332.129
---------------------------------------------------------------------------------
INFO: [Synth 8-638] synthesizing module 'hog_wrapper_wrapper' [d:/TCC/NathanZeidan/NathanSZeidan_TCC/HOG/HOG.gen/sources_1/bd/hog_wrapper/hdl/hog_wrapper_wrapper.vhd:17]
INFO: [Synth 8-3491] module 'hog_wrapper' declared at 'd:/TCC/NathanZeidan/NathanSZeidan_TCC/HOG/HOG.gen/sources_1/bd/hog_wrapper/synth/hog_wrapper.vhd:1963' bound to instance 'hog_wrapper_i' of component 'hog_wrapper' [d:/TCC/NathanZeidan/NathanSZeidan_TCC/HOG/HOG.gen/sources_1/bd/hog_wrapper/hdl/hog_wrapper_wrapper.vhd:21]
INFO: [Synth 8-638] synthesizing module 'hog_wrapper' [d:/TCC/NathanZeidan/NathanSZeidan_TCC/HOG/HOG.gen/sources_1/bd/hog_wrapper/synth/hog_wrapper.vhd:1970]
WARNING: [Synth 8-5640] Port 'axi_dma_tstvec' is missing in component declaration [d:/TCC/NathanZeidan/NathanSZeidan_TCC/HOG/HOG.gen/sources_1/bd/hog_wrapper/synth/hog_wrapper.vhd:2168]
INFO: [Synth 8-3491] module 'hog_wrapper_axi_dma_0_0' declared at 'D:/TCC/NathanZeidan/NathanSZeidan_TCC/HOG/HOG.runs/synth_1/.Xil/Vivado-5032-DESKTOP-APAIK78/realtime/hog_wrapper_axi_dma_0_0_stub.vhdl:5' bound to instance 'axi_dma_0' of component 'hog_wrapper_axi_dma_0_0' [d:/TCC/NathanZeidan/NathanSZeidan_TCC/HOG/HOG.gen/sources_1/bd/hog_wrapper/synth/hog_wrapper.vhd:2585]
INFO: [Synth 8-638] synthesizing module 'hog_wrapper_axi_dma_0_0' [D:/TCC/NathanZeidan/NathanSZeidan_TCC/HOG/HOG.runs/synth_1/.Xil/Vivado-5032-DESKTOP-APAIK78/realtime/hog_wrapper_axi_dma_0_0_stub.vhdl:75]
INFO: [Synth 8-3491] module 'hog_wrapper_axi_smc_0' declared at 'D:/TCC/NathanZeidan/NathanSZeidan_TCC/HOG/HOG.runs/synth_1/.Xil/Vivado-5032-DESKTOP-APAIK78/realtime/hog_wrapper_axi_smc_0_stub.vhdl:5' bound to instance 'axi_smc' of component 'hog_wrapper_axi_smc_0' [d:/TCC/NathanZeidan/NathanSZeidan_TCC/HOG/HOG.gen/sources_1/bd/hog_wrapper/synth/hog_wrapper.vhd:2651]
INFO: [Synth 8-638] synthesizing module 'hog_wrapper_axi_smc_0' [D:/TCC/NathanZeidan/NathanSZeidan_TCC/HOG/HOG.runs/synth_1/.Xil/Vivado-5032-DESKTOP-APAIK78/realtime/hog_wrapper_axi_smc_0_stub.vhdl:112]
INFO: [Synth 8-3491] module 'hog_wrapper_hog_ip_axi_Nathan_0_0' declared at 'D:/TCC/NathanZeidan/NathanSZeidan_TCC/HOG/HOG.runs/synth_1/.Xil/Vivado-5032-DESKTOP-APAIK78/realtime/hog_wrapper_hog_ip_axi_Nathan_0_0_stub.vhdl:5' bound to instance 'hog_ip_axi_Nathan_0' of component 'hog_wrapper_hog_ip_axi_Nathan_0_0' [d:/TCC/NathanZeidan/NathanSZeidan_TCC/HOG/HOG.gen/sources_1/bd/hog_wrapper/synth/hog_wrapper.vhd:2755]
INFO: [Synth 8-638] synthesizing module 'hog_wrapper_hog_ip_axi_Nathan_0_0' [D:/TCC/NathanZeidan/NathanSZeidan_TCC/HOG/HOG.runs/synth_1/.Xil/Vivado-5032-DESKTOP-APAIK78/realtime/hog_wrapper_hog_ip_axi_Nathan_0_0_stub.vhdl:38]
INFO: [Synth 8-638] synthesizing module 'hog_wrapper_ps8_0_axi_periph_0' [d:/TCC/NathanZeidan/NathanSZeidan_TCC/HOG/HOG.gen/sources_1/bd/hog_wrapper/synth/hog_wrapper.vhd:1335]
INFO: [Synth 8-638] synthesizing module 'm00_couplers_imp_1KVP0ML' [d:/TCC/NathanZeidan/NathanSZeidan_TCC/HOG/HOG.gen/sources_1/bd/hog_wrapper/synth/hog_wrapper.vhd:55]
INFO: [Synth 8-256] done synthesizing module 'm00_couplers_imp_1KVP0ML' (0#1) [d:/TCC/NathanZeidan/NathanSZeidan_TCC/HOG/HOG.gen/sources_1/bd/hog_wrapper/synth/hog_wrapper.vhd:55]
INFO: [Synth 8-638] synthesizing module 'm01_couplers_imp_MZLVJN' [d:/TCC/NathanZeidan/NathanSZeidan_TCC/HOG/HOG.gen/sources_1/bd/hog_wrapper/synth/hog_wrapper.vhd:153]
INFO: [Synth 8-256] done synthesizing module 'm01_couplers_imp_MZLVJN' (0#1) [d:/TCC/NathanZeidan/NathanSZeidan_TCC/HOG/HOG.gen/sources_1/bd/hog_wrapper/synth/hog_wrapper.vhd:153]
INFO: [Synth 8-638] synthesizing module 's00_couplers_imp_95OUIL' [d:/TCC/NathanZeidan/NathanSZeidan_TCC/HOG/HOG.gen/sources_1/bd/hog_wrapper/synth/hog_wrapper.vhd:276]
INFO: [Synth 8-3491] module 'hog_wrapper_auto_ds_0' declared at 'D:/TCC/NathanZeidan/NathanSZeidan_TCC/HOG/HOG.runs/synth_1/.Xil/Vivado-5032-DESKTOP-APAIK78/realtime/hog_wrapper_auto_ds_0_stub.vhdl:5' bound to instance 'auto_ds' of component 'hog_wrapper_auto_ds_0' [d:/TCC/NathanZeidan/NathanSZeidan_TCC/HOG/HOG.gen/sources_1/bd/hog_wrapper/synth/hog_wrapper.vhd:569]
INFO: [Synth 8-638] synthesizing module 'hog_wrapper_auto_ds_0' [D:/TCC/NathanZeidan/NathanSZeidan_TCC/HOG/HOG.runs/synth_1/.Xil/Vivado-5032-DESKTOP-APAIK78/realtime/hog_wrapper_auto_ds_0_stub.vhdl:87]
INFO: [Synth 8-3491] module 'hog_wrapper_auto_pc_0' declared at 'D:/TCC/NathanZeidan/NathanSZeidan_TCC/HOG/HOG.runs/synth_1/.Xil/Vivado-5032-DESKTOP-APAIK78/realtime/hog_wrapper_auto_pc_0_stub.vhdl:5' bound to instance 'auto_pc' of component 'hog_wrapper_auto_pc_0' [d:/TCC/NathanZeidan/NathanSZeidan_TCC/HOG/HOG.gen/sources_1/bd/hog_wrapper/synth/hog_wrapper.vhd:648]
INFO: [Synth 8-638] synthesizing module 'hog_wrapper_auto_pc_0' [D:/TCC/NathanZeidan/NathanSZeidan_TCC/HOG/HOG.runs/synth_1/.Xil/Vivado-5032-DESKTOP-APAIK78/realtime/hog_wrapper_auto_pc_0_stub.vhdl:67]
INFO: [Synth 8-256] done synthesizing module 's00_couplers_imp_95OUIL' (0#1) [d:/TCC/NathanZeidan/NathanSZeidan_TCC/HOG/HOG.gen/sources_1/bd/hog_wrapper/synth/hog_wrapper.vhd:276]
INFO: [Synth 8-638] synthesizing module 's01_couplers_imp_1GYEMEB' [d:/TCC/NathanZeidan/NathanSZeidan_TCC/HOG/HOG.gen/sources_1/bd/hog_wrapper/synth/hog_wrapper.vhd:777]
INFO: [Synth 8-3491] module 'hog_wrapper_auto_ds_1' declared at 'D:/TCC/NathanZeidan/NathanSZeidan_TCC/HOG/HOG.runs/synth_1/.Xil/Vivado-5032-DESKTOP-APAIK78/realtime/hog_wrapper_auto_ds_1_stub.vhdl:5' bound to instance 'auto_ds' of component 'hog_wrapper_auto_ds_1' [d:/TCC/NathanZeidan/NathanSZeidan_TCC/HOG/HOG.gen/sources_1/bd/hog_wrapper/synth/hog_wrapper.vhd:1070]
INFO: [Synth 8-638] synthesizing module 'hog_wrapper_auto_ds_1' [D:/TCC/NathanZeidan/NathanSZeidan_TCC/HOG/HOG.runs/synth_1/.Xil/Vivado-5032-DESKTOP-APAIK78/realtime/hog_wrapper_auto_ds_1_stub.vhdl:87]
INFO: [Synth 8-3491] module 'hog_wrapper_auto_pc_1' declared at 'D:/TCC/NathanZeidan/NathanSZeidan_TCC/HOG/HOG.runs/synth_1/.Xil/Vivado-5032-DESKTOP-APAIK78/realtime/hog_wrapper_auto_pc_1_stub.vhdl:5' bound to instance 'auto_pc' of component 'hog_wrapper_auto_pc_1' [d:/TCC/NathanZeidan/NathanSZeidan_TCC/HOG/HOG.gen/sources_1/bd/hog_wrapper/synth/hog_wrapper.vhd:1149]
INFO: [Synth 8-638] synthesizing module 'hog_wrapper_auto_pc_1' [D:/TCC/NathanZeidan/NathanSZeidan_TCC/HOG/HOG.runs/synth_1/.Xil/Vivado-5032-DESKTOP-APAIK78/realtime/hog_wrapper_auto_pc_1_stub.vhdl:67]
INFO: [Synth 8-256] done synthesizing module 's01_couplers_imp_1GYEMEB' (0#1) [d:/TCC/NathanZeidan/NathanSZeidan_TCC/HOG/HOG.gen/sources_1/bd/hog_wrapper/synth/hog_wrapper.vhd:777]
INFO: [Synth 8-3491] module 'hog_wrapper_xbar_0' declared at 'D:/TCC/NathanZeidan/NathanSZeidan_TCC/HOG/HOG.runs/synth_1/.Xil/Vivado-5032-DESKTOP-APAIK78/realtime/hog_wrapper_xbar_0_stub.vhdl:5' bound to instance 'xbar' of component 'hog_wrapper_xbar_0' [d:/TCC/NathanZeidan/NathanSZeidan_TCC/HOG/HOG.gen/sources_1/bd/hog_wrapper/synth/hog_wrapper.vhd:1879]
INFO: [Synth 8-638] synthesizing module 'hog_wrapper_xbar_0' [D:/TCC/NathanZeidan/NathanSZeidan_TCC/HOG/HOG.runs/synth_1/.Xil/Vivado-5032-DESKTOP-APAIK78/realtime/hog_wrapper_xbar_0_stub.vhdl:51]
INFO: [Synth 8-256] done synthesizing module 'hog_wrapper_ps8_0_axi_periph_0' (0#1) [d:/TCC/NathanZeidan/NathanSZeidan_TCC/HOG/HOG.gen/sources_1/bd/hog_wrapper/synth/hog_wrapper.vhd:1335]
INFO: [Synth 8-3491] module 'hog_wrapper_rst_ps8_0_99M_0' declared at 'D:/TCC/NathanZeidan/NathanSZeidan_TCC/HOG/HOG.runs/synth_1/.Xil/Vivado-5032-DESKTOP-APAIK78/realtime/hog_wrapper_rst_ps8_0_99M_0_stub.vhdl:5' bound to instance 'rst_ps8_0_99M' of component 'hog_wrapper_rst_ps8_0_99M_0' [d:/TCC/NathanZeidan/NathanSZeidan_TCC/HOG/HOG.gen/sources_1/bd/hog_wrapper/synth/hog_wrapper.vhd:2905]
INFO: [Synth 8-638] synthesizing module 'hog_wrapper_rst_ps8_0_99M_0' [D:/TCC/NathanZeidan/NathanSZeidan_TCC/HOG/HOG.runs/synth_1/.Xil/Vivado-5032-DESKTOP-APAIK78/realtime/hog_wrapper_rst_ps8_0_99M_0_stub.vhdl:21]
INFO: [Synth 8-3491] module 'hog_wrapper_zynq_ultra_ps_e_0_0' declared at 'D:/TCC/NathanZeidan/NathanSZeidan_TCC/HOG/HOG.runs/synth_1/.Xil/Vivado-5032-DESKTOP-APAIK78/realtime/hog_wrapper_zynq_ultra_ps_e_0_0_stub.vhdl:5' bound to instance 'zynq_ultra_ps_e_0' of component 'hog_wrapper_zynq_ultra_ps_e_0_0' [d:/TCC/NathanZeidan/NathanSZeidan_TCC/HOG/HOG.gen/sources_1/bd/hog_wrapper/synth/hog_wrapper.vhd:2918]
INFO: [Synth 8-638] synthesizing module 'hog_wrapper_zynq_ultra_ps_e_0_0' [D:/TCC/NathanZeidan/NathanSZeidan_TCC/HOG/HOG.runs/synth_1/.Xil/Vivado-5032-DESKTOP-APAIK78/realtime/hog_wrapper_zynq_ultra_ps_e_0_0_stub.vhdl:173]
INFO: [Synth 8-256] done synthesizing module 'hog_wrapper' (0#1) [d:/TCC/NathanZeidan/NathanSZeidan_TCC/HOG/HOG.gen/sources_1/bd/hog_wrapper/synth/hog_wrapper.vhd:1970]
INFO: [Synth 8-256] done synthesizing module 'hog_wrapper_wrapper' (0#1) [d:/TCC/NathanZeidan/NathanSZeidan_TCC/HOG/HOG.gen/sources_1/bd/hog_wrapper/hdl/hog_wrapper_wrapper.vhd:17]
WARNING: [Synth 8-7129] Port M_ACLK in module s01_couplers_imp_1GYEMEB is either unconnected or has no load
WARNING: [Synth 8-7129] Port M_ARESETN in module s01_couplers_imp_1GYEMEB is either unconnected or has no load
WARNING: [Synth 8-7129] Port M_ACLK in module s00_couplers_imp_95OUIL is either unconnected or has no load
WARNING: [Synth 8-7129] Port M_ARESETN in module s00_couplers_imp_95OUIL is either unconnected or has no load
WARNING: [Synth 8-7129] Port M_ACLK in module m01_couplers_imp_MZLVJN is either unconnected or has no load
WARNING: [Synth 8-7129] Port M_ARESETN in module m01_couplers_imp_MZLVJN is either unconnected or has no load
WARNING: [Synth 8-7129] Port S_ACLK in module m01_couplers_imp_MZLVJN is either unconnected or has no load
WARNING: [Synth 8-7129] Port S_ARESETN in module m01_couplers_imp_MZLVJN is either unconnected or has no load
WARNING: [Synth 8-7129] Port M_ACLK in module m00_couplers_imp_1KVP0ML is either unconnected or has no load
WARNING: [Synth 8-7129] Port M_ARESETN in module m00_couplers_imp_1KVP0ML is either unconnected or has no load
WARNING: [Synth 8-7129] Port S_ACLK in module m00_couplers_imp_1KVP0ML is either unconnected or has no load
WARNING: [Synth 8-7129] Port S_ARESETN in module m00_couplers_imp_1KVP0ML is either unconnected or has no load
WARNING: [Synth 8-7129] Port M00_ACLK in module hog_wrapper_ps8_0_axi_periph_0 is either unconnected or has no load
WARNING: [Synth 8-7129] Port M00_ARESETN in module hog_wrapper_ps8_0_axi_periph_0 is either unconnected or has no load
WARNING: [Synth 8-7129] Port M01_ACLK in module hog_wrapper_ps8_0_axi_periph_0 is either unconnected or has no load
WARNING: [Synth 8-7129] Port M01_ARESETN in module hog_wrapper_ps8_0_axi_periph_0 is either unconnected or has no load
WARNING: [Synth 8-7129] Port S00_ACLK in module hog_wrapper_ps8_0_axi_periph_0 is either unconnected or has no load
WARNING: [Synth 8-7129] Port S00_ARESETN in module hog_wrapper_ps8_0_axi_periph_0 is either unconnected or has no load
WARNING: [Synth 8-7129] Port S01_ACLK in module hog_wrapper_ps8_0_axi_periph_0 is either unconnected or has no load
WARNING: [Synth 8-7129] Port S01_ARESETN in module hog_wrapper_ps8_0_axi_periph_0 is either unconnected or has no load
---------------------------------------------------------------------------------
Finished RTL Elaboration : Time (s): cpu = 00:00:08 ; elapsed = 00:00:08 . Memory (MB): peak = 2058.559 ; gain = 438.957
---------------------------------------------------------------------------------
---------------------------------------------------------------------------------
Start Handling Custom Attributes
---------------------------------------------------------------------------------
---------------------------------------------------------------------------------
Finished Handling Custom Attributes : Time (s): cpu = 00:00:08 ; elapsed = 00:00:08 . Memory (MB): peak = 2076.480 ; gain = 456.879
---------------------------------------------------------------------------------
---------------------------------------------------------------------------------
Finished RTL Optimization Phase 1 : Time (s): cpu = 00:00:08 ; elapsed = 00:00:08 . Memory (MB): peak = 2076.480 ; gain = 456.879
---------------------------------------------------------------------------------
Netlist sorting complete. Time (s): cpu = 00:00:00 ; elapsed = 00:00:00.059 . Memory (MB): peak = 2076.480 ; gain = 0.000
INFO: [Project 1-570] Preparing netlist for logic optimization

Processing XDC Constraints
Initializing timing engine
Parsing XDC File [d:/TCC/NathanZeidan/NathanSZeidan_TCC/HOG/HOG.gen/sources_1/bd/hog_wrapper/ip/hog_wrapper_hog_ip_axi_Nathan_0_0/hog_wrapper_hog_ip_axi_Nathan_0_0/hog_wrapper_hog_ip_axi_Nathan_0_0_in_context.xdc] for cell 'hog_wrapper_i/hog_ip_axi_Nathan_0'
Finished Parsing XDC File [d:/TCC/NathanZeidan/NathanSZeidan_TCC/HOG/HOG.gen/sources_1/bd/hog_wrapper/ip/hog_wrapper_hog_ip_axi_Nathan_0_0/hog_wrapper_hog_ip_axi_Nathan_0_0/hog_wrapper_hog_ip_axi_Nathan_0_0_in_context.xdc] for cell 'hog_wrapper_i/hog_ip_axi_Nathan_0'
Parsing XDC File [d:/TCC/NathanZeidan/NathanSZeidan_TCC/HOG/HOG.gen/sources_1/bd/hog_wrapper/ip/hog_wrapper_zynq_ultra_ps_e_0_0/hog_wrapper_zynq_ultra_ps_e_0_0/hog_wrapper_zynq_ultra_ps_e_0_0_in_context.xdc] for cell 'hog_wrapper_i/zynq_ultra_ps_e_0'
Finished Parsing XDC File [d:/TCC/NathanZeidan/NathanSZeidan_TCC/HOG/HOG.gen/sources_1/bd/hog_wrapper/ip/hog_wrapper_zynq_ultra_ps_e_0_0/hog_wrapper_zynq_ultra_ps_e_0_0/hog_wrapper_zynq_ultra_ps_e_0_0_in_context.xdc] for cell 'hog_wrapper_i/zynq_ultra_ps_e_0'
Parsing XDC File [d:/TCC/NathanZeidan/NathanSZeidan_TCC/HOG/HOG.gen/sources_1/bd/hog_wrapper/ip/hog_wrapper_axi_dma_0_0/hog_wrapper_axi_dma_0_0/hog_wrapper_axi_dma_0_0_in_context.xdc] for cell 'hog_wrapper_i/axi_dma_0'
Finished Parsing XDC File [d:/TCC/NathanZeidan/NathanSZeidan_TCC/HOG/HOG.gen/sources_1/bd/hog_wrapper/ip/hog_wrapper_axi_dma_0_0/hog_wrapper_axi_dma_0_0/hog_wrapper_axi_dma_0_0_in_context.xdc] for cell 'hog_wrapper_i/axi_dma_0'
Parsing XDC File [d:/TCC/NathanZeidan/NathanSZeidan_TCC/HOG/HOG.gen/sources_1/bd/hog_wrapper/ip/hog_wrapper_xbar_0/hog_wrapper_xbar_0/hog_wrapper_xbar_0_in_context.xdc] for cell 'hog_wrapper_i/ps8_0_axi_periph/xbar'
Finished Parsing XDC File [d:/TCC/NathanZeidan/NathanSZeidan_TCC/HOG/HOG.gen/sources_1/bd/hog_wrapper/ip/hog_wrapper_xbar_0/hog_wrapper_xbar_0/hog_wrapper_xbar_0_in_context.xdc] for cell 'hog_wrapper_i/ps8_0_axi_periph/xbar'
Parsing XDC File [d:/TCC/NathanZeidan/NathanSZeidan_TCC/HOG/HOG.gen/sources_1/bd/hog_wrapper/ip/hog_wrapper_auto_ds_0/hog_wrapper_auto_ds_0/hog_wrapper_auto_ds_0_in_context.xdc] for cell 'hog_wrapper_i/ps8_0_axi_periph/s00_couplers/auto_ds'
Finished Parsing XDC File [d:/TCC/NathanZeidan/NathanSZeidan_TCC/HOG/HOG.gen/sources_1/bd/hog_wrapper/ip/hog_wrapper_auto_ds_0/hog_wrapper_auto_ds_0/hog_wrapper_auto_ds_0_in_context.xdc] for cell 'hog_wrapper_i/ps8_0_axi_periph/s00_couplers/auto_ds'
Parsing XDC File [d:/TCC/NathanZeidan/NathanSZeidan_TCC/HOG/HOG.gen/sources_1/bd/hog_wrapper/ip/hog_wrapper_auto_pc_0/hog_wrapper_auto_pc_0/hog_wrapper_auto_pc_0_in_context.xdc] for cell 'hog_wrapper_i/ps8_0_axi_periph/s00_couplers/auto_pc'
Finished Parsing XDC File [d:/TCC/NathanZeidan/NathanSZeidan_TCC/HOG/HOG.gen/sources_1/bd/hog_wrapper/ip/hog_wrapper_auto_pc_0/hog_wrapper_auto_pc_0/hog_wrapper_auto_pc_0_in_context.xdc] for cell 'hog_wrapper_i/ps8_0_axi_periph/s00_couplers/auto_pc'
Parsing XDC File [d:/TCC/NathanZeidan/NathanSZeidan_TCC/HOG/HOG.gen/sources_1/bd/hog_wrapper/ip/hog_wrapper_auto_ds_1/hog_wrapper_auto_ds_1/hog_wrapper_auto_ds_0_in_context.xdc] for cell 'hog_wrapper_i/ps8_0_axi_periph/s01_couplers/auto_ds'
Finished Parsing XDC File [d:/TCC/NathanZeidan/NathanSZeidan_TCC/HOG/HOG.gen/sources_1/bd/hog_wrapper/ip/hog_wrapper_auto_ds_1/hog_wrapper_auto_ds_1/hog_wrapper_auto_ds_0_in_context.xdc] for cell 'hog_wrapper_i/ps8_0_axi_periph/s01_couplers/auto_ds'
Parsing XDC File [d:/TCC/NathanZeidan/NathanSZeidan_TCC/HOG/HOG.gen/sources_1/bd/hog_wrapper/ip/hog_wrapper_auto_pc_1/hog_wrapper_auto_pc_1/hog_wrapper_auto_pc_0_in_context.xdc] for cell 'hog_wrapper_i/ps8_0_axi_periph/s01_couplers/auto_pc'
Finished Parsing XDC File [d:/TCC/NathanZeidan/NathanSZeidan_TCC/HOG/HOG.gen/sources_1/bd/hog_wrapper/ip/hog_wrapper_auto_pc_1/hog_wrapper_auto_pc_1/hog_wrapper_auto_pc_0_in_context.xdc] for cell 'hog_wrapper_i/ps8_0_axi_periph/s01_couplers/auto_pc'
Parsing XDC File [d:/TCC/NathanZeidan/NathanSZeidan_TCC/HOG/HOG.gen/sources_1/bd/hog_wrapper/ip/hog_wrapper_rst_ps8_0_99M_0/hog_wrapper_rst_ps8_0_99M_0/hog_wrapper_rst_ps8_0_99M_0_in_context.xdc] for cell 'hog_wrapper_i/rst_ps8_0_99M'
Finished Parsing XDC File [d:/TCC/NathanZeidan/NathanSZeidan_TCC/HOG/HOG.gen/sources_1/bd/hog_wrapper/ip/hog_wrapper_rst_ps8_0_99M_0/hog_wrapper_rst_ps8_0_99M_0/hog_wrapper_rst_ps8_0_99M_0_in_context.xdc] for cell 'hog_wrapper_i/rst_ps8_0_99M'
Parsing XDC File [d:/TCC/NathanZeidan/NathanSZeidan_TCC/HOG/HOG.gen/sources_1/bd/hog_wrapper/ip/hog_wrapper_axi_smc_0/hog_wrapper_axi_smc_0/hog_wrapper_axi_smc_0_in_context.xdc] for cell 'hog_wrapper_i/axi_smc'
Finished Parsing XDC File [d:/TCC/NathanZeidan/NathanSZeidan_TCC/HOG/HOG.gen/sources_1/bd/hog_wrapper/ip/hog_wrapper_axi_smc_0/hog_wrapper_axi_smc_0/hog_wrapper_axi_smc_0_in_context.xdc] for cell 'hog_wrapper_i/axi_smc'
Parsing XDC File [D:/TCC/NathanZeidan/NathanSZeidan_TCC/HOG/HOG.runs/synth_1/dont_touch.xdc]
Finished Parsing XDC File [D:/TCC/NathanZeidan/NathanSZeidan_TCC/HOG/HOG.runs/synth_1/dont_touch.xdc]
Completed Processing XDC Constraints

Netlist sorting complete. Time (s): cpu = 00:00:00 ; elapsed = 00:00:00 . Memory (MB): peak = 2106.895 ; gain = 0.000
INFO: [Project 1-111] Unisim Transformation Summary:
No Unisim elements were transformed.

Constraint Validation Runtime : Time (s): cpu = 00:00:00 ; elapsed = 00:00:00.007 . Memory (MB): peak = 2106.895 ; gain = 0.000
INFO: [Synth 8-11241] undeclared symbol 'REGCCE', assumed default net type 'wire' [C:/Xilinx/Vivado/2022.2/data/verilog/src/unimacro/BRAM_SINGLE_MACRO.v:2170]
---------------------------------------------------------------------------------
Finished Constraint Validation : Time (s): cpu = 00:00:21 ; elapsed = 00:00:22 . Memory (MB): peak = 2106.895 ; gain = 487.293
---------------------------------------------------------------------------------
---------------------------------------------------------------------------------
Start Loading Part and Timing Information
---------------------------------------------------------------------------------
Loading part: xck26-sfvc784-2LV-c
INFO: [Synth 8-6742] Reading net delay rules and data
---------------------------------------------------------------------------------
Finished Loading Part and Timing Information : Time (s): cpu = 00:00:21 ; elapsed = 00:00:22 . Memory (MB): peak = 2106.895 ; gain = 487.293
---------------------------------------------------------------------------------
---------------------------------------------------------------------------------
Start Applying 'set_property' XDC Constraints
---------------------------------------------------------------------------------
Applied set_property KEEP_HIERARCHY = SOFT for hog_wrapper_i. (constraint file  auto generated constraint).
Applied set_property KEEP_HIERARCHY = SOFT for hog_wrapper_i/hog_ip_axi_Nathan_0. (constraint file  auto generated constraint).
Applied set_property KEEP_HIERARCHY = SOFT for hog_wrapper_i/zynq_ultra_ps_e_0. (constraint file  auto generated constraint).
Applied set_property KEEP_HIERARCHY = SOFT for hog_wrapper_i/axi_dma_0. (constraint file  auto generated constraint).
Applied set_property KEEP_HIERARCHY = SOFT for hog_wrapper_i/ps8_0_axi_periph/xbar. (constraint file  auto generated constraint).
Applied set_property KEEP_HIERARCHY = SOFT for hog_wrapper_i/ps8_0_axi_periph/s00_couplers/auto_ds. (constraint file  auto generated constraint).
Applied set_property KEEP_HIERARCHY = SOFT for hog_wrapper_i/ps8_0_axi_periph/s00_couplers/auto_pc. (constraint file  auto generated constraint).
Applied set_property KEEP_HIERARCHY = SOFT for hog_wrapper_i/ps8_0_axi_periph/s01_couplers/auto_ds. (constraint file  auto generated constraint).
Applied set_property KEEP_HIERARCHY = SOFT for hog_wrapper_i/ps8_0_axi_periph/s01_couplers/auto_pc. (constraint file  auto generated constraint).
Applied set_property KEEP_HIERARCHY = SOFT for hog_wrapper_i/ps8_0_axi_periph. (constraint file  auto generated constraint).
Applied set_property KEEP_HIERARCHY = SOFT for hog_wrapper_i/rst_ps8_0_99M. (constraint file  auto generated constraint).
Applied set_property KEEP_HIERARCHY = SOFT for hog_wrapper_i/axi_smc. (constraint file  auto generated constraint).
---------------------------------------------------------------------------------
Finished applying 'set_property' XDC Constraints : Time (s): cpu = 00:00:21 ; elapsed = 00:00:22 . Memory (MB): peak = 2106.895 ; gain = 487.293
---------------------------------------------------------------------------------
---------------------------------------------------------------------------------
Finished RTL Optimization Phase 2 : Time (s): cpu = 00:00:21 ; elapsed = 00:00:23 . Memory (MB): peak = 2106.895 ; gain = 487.293
---------------------------------------------------------------------------------
---------------------------------------------------------------------------------
Start RTL Component Statistics 
---------------------------------------------------------------------------------
Detailed RTL Component Info : 
---------------------------------------------------------------------------------
Finished RTL Component Statistics 
---------------------------------------------------------------------------------
---------------------------------------------------------------------------------
Start Part Resource Summary
---------------------------------------------------------------------------------
Part Resources:
DSPs: 1248 (col length:96)
BRAMs: 288 (col length: RAMB18 96 RAMB36 48)
---------------------------------------------------------------------------------
Finished Part Resource Summary
---------------------------------------------------------------------------------
---------------------------------------------------------------------------------
Start Cross Boundary and Area Optimization
---------------------------------------------------------------------------------
WARNING: [Synth 8-7080] Parallel synthesis criteria is not met
WARNING: [Synth 8-7129] Port M00_ACLK in module hog_wrapper_ps8_0_axi_periph_0 is either unconnected or has no load
WARNING: [Synth 8-7129] Port M00_ARESETN in module hog_wrapper_ps8_0_axi_periph_0 is either unconnected or has no load
WARNING: [Synth 8-7129] Port M01_ACLK in module hog_wrapper_ps8_0_axi_periph_0 is either unconnected or has no load
WARNING: [Synth 8-7129] Port M01_ARESETN in module hog_wrapper_ps8_0_axi_periph_0 is either unconnected or has no load
WARNING: [Synth 8-7129] Port S00_ACLK in module hog_wrapper_ps8_0_axi_periph_0 is either unconnected or has no load
WARNING: [Synth 8-7129] Port S00_ARESETN in module hog_wrapper_ps8_0_axi_periph_0 is either unconnected or has no load
WARNING: [Synth 8-7129] Port S01_ACLK in module hog_wrapper_ps8_0_axi_periph_0 is either unconnected or has no load
WARNING: [Synth 8-7129] Port S01_ARESETN in module hog_wrapper_ps8_0_axi_periph_0 is either unconnected or has no load
---------------------------------------------------------------------------------
Finished Cross Boundary and Area Optimization : Time (s): cpu = 00:00:23 ; elapsed = 00:00:25 . Memory (MB): peak = 2106.895 ; gain = 487.293
---------------------------------------------------------------------------------
---------------------------------------------------------------------------------
Start Applying XDC Timing Constraints
---------------------------------------------------------------------------------
---------------------------------------------------------------------------------
Finished Applying XDC Timing Constraints : Time (s): cpu = 00:00:38 ; elapsed = 00:00:41 . Memory (MB): peak = 2598.234 ; gain = 978.633
---------------------------------------------------------------------------------
---------------------------------------------------------------------------------
Start Timing Optimization
---------------------------------------------------------------------------------
---------------------------------------------------------------------------------
Finished Timing Optimization : Time (s): cpu = 00:00:38 ; elapsed = 00:00:41 . Memory (MB): peak = 2598.234 ; gain = 978.633
---------------------------------------------------------------------------------
---------------------------------------------------------------------------------
Start Technology Mapping
---------------------------------------------------------------------------------
---------------------------------------------------------------------------------
Finished Technology Mapping : Time (s): cpu = 00:00:38 ; elapsed = 00:00:41 . Memory (MB): peak = 2618.457 ; gain = 998.855
---------------------------------------------------------------------------------
---------------------------------------------------------------------------------
Start IO Insertion
---------------------------------------------------------------------------------
---------------------------------------------------------------------------------
Start Flattening Before IO Insertion
---------------------------------------------------------------------------------
---------------------------------------------------------------------------------
Finished Flattening Before IO Insertion
---------------------------------------------------------------------------------
---------------------------------------------------------------------------------
Start Final Netlist Cleanup
---------------------------------------------------------------------------------
---------------------------------------------------------------------------------
Finished Final Netlist Cleanup
---------------------------------------------------------------------------------
---------------------------------------------------------------------------------
Finished IO Insertion : Time (s): cpu = 00:00:43 ; elapsed = 00:00:46 . Memory (MB): peak = 2625.195 ; gain = 1005.594
---------------------------------------------------------------------------------
---------------------------------------------------------------------------------
Start Renaming Generated Instances
---------------------------------------------------------------------------------
---------------------------------------------------------------------------------
Finished Renaming Generated Instances : Time (s): cpu = 00:00:43 ; elapsed = 00:00:46 . Memory (MB): peak = 2625.195 ; gain = 1005.594
---------------------------------------------------------------------------------
---------------------------------------------------------------------------------
Start Rebuilding User Hierarchy
---------------------------------------------------------------------------------
---------------------------------------------------------------------------------
Finished Rebuilding User Hierarchy : Time (s): cpu = 00:00:43 ; elapsed = 00:00:46 . Memory (MB): peak = 2625.195 ; gain = 1005.594
---------------------------------------------------------------------------------
---------------------------------------------------------------------------------
Start Renaming Generated Ports
---------------------------------------------------------------------------------
---------------------------------------------------------------------------------
Finished Renaming Generated Ports : Time (s): cpu = 00:00:43 ; elapsed = 00:00:46 . Memory (MB): peak = 2625.195 ; gain = 1005.594
---------------------------------------------------------------------------------
---------------------------------------------------------------------------------
Start Handling Custom Attributes
---------------------------------------------------------------------------------
---------------------------------------------------------------------------------
Finished Handling Custom Attributes : Time (s): cpu = 00:00:43 ; elapsed = 00:00:46 . Memory (MB): peak = 2625.195 ; gain = 1005.594
---------------------------------------------------------------------------------
---------------------------------------------------------------------------------
Start Renaming Generated Nets
---------------------------------------------------------------------------------
---------------------------------------------------------------------------------
Finished Renaming Generated Nets : Time (s): cpu = 00:00:43 ; elapsed = 00:00:46 . Memory (MB): peak = 2625.195 ; gain = 1005.594
---------------------------------------------------------------------------------
---------------------------------------------------------------------------------
Start Writing Synthesis Report
---------------------------------------------------------------------------------

Report BlackBoxes: 
+------+----------------------------------+----------+
|      |BlackBox name                     |Instances |
+------+----------------------------------+----------+
|1     |hog_wrapper_xbar_0                |         1|
|2     |hog_wrapper_auto_ds_0             |         1|
|3     |hog_wrapper_auto_pc_0             |         1|
|4     |hog_wrapper_auto_ds_1             |         1|
|5     |hog_wrapper_auto_pc_1             |         1|
|6     |hog_wrapper_axi_dma_0_0           |         1|
|7     |hog_wrapper_axi_smc_0             |         1|
|8     |hog_wrapper_hog_ip_axi_Nathan_0_0 |         1|
|9     |hog_wrapper_rst_ps8_0_99M_0       |         1|
|10    |hog_wrapper_zynq_ultra_ps_e_0_0   |         1|
+------+----------------------------------+----------+

Report Cell Usage: 
+------+---------------------------------------+------+
|      |Cell                                   |Count |
+------+---------------------------------------+------+
|1     |hog_wrapper_auto_ds_0_bbox             |     1|
|2     |hog_wrapper_auto_ds_1_bbox             |     1|
|3     |hog_wrapper_auto_pc_0_bbox             |     1|
|4     |hog_wrapper_auto_pc_1_bbox             |     1|
|5     |hog_wrapper_axi_dma_0_0_bbox           |     1|
|6     |hog_wrapper_axi_smc_0_bbox             |     1|
|7     |hog_wrapper_hog_ip_axi_Nathan_0_0_bbox |     1|
|8     |hog_wrapper_rst_ps8_0_99M_0_bbox       |     1|
|9     |hog_wrapper_xbar_0_bbox                |     1|
|10    |hog_wrapper_zynq_ultra_ps_e_0_0_bbox   |     1|
+------+---------------------------------------+------+
---------------------------------------------------------------------------------
Finished Writing Synthesis Report : Time (s): cpu = 00:00:43 ; elapsed = 00:00:46 . Memory (MB): peak = 2625.195 ; gain = 1005.594
---------------------------------------------------------------------------------
Synthesis finished with 0 errors, 0 critical warnings and 9 warnings.
Synthesis Optimization Runtime : Time (s): cpu = 00:00:28 ; elapsed = 00:00:38 . Memory (MB): peak = 2625.195 ; gain = 975.180
Synthesis Optimization Complete : Time (s): cpu = 00:00:43 ; elapsed = 00:00:46 . Memory (MB): peak = 2625.195 ; gain = 1005.594
INFO: [Project 1-571] Translating synthesized netlist
Netlist sorting complete. Time (s): cpu = 00:00:00 ; elapsed = 00:00:00.051 . Memory (MB): peak = 2625.195 ; gain = 0.000
INFO: [Project 1-570] Preparing netlist for logic optimization
INFO: [Opt 31-138] Pushed 0 inverter(s) to 0 load pin(s).
Netlist sorting complete. Time (s): cpu = 00:00:00 ; elapsed = 00:00:00 . Memory (MB): peak = 2670.562 ; gain = 0.000
INFO: [Project 1-111] Unisim Transformation Summary:
No Unisim elements were transformed.

Synth Design complete, checksum: d519d4ec
INFO: [Common 17-83] Releasing license: Synthesis
53 Infos, 30 Warnings, 0 Critical Warnings and 0 Errors encountered.
synth_design completed successfully
synth_design: Time (s): cpu = 00:00:53 ; elapsed = 00:00:56 . Memory (MB): peak = 2677.535 ; gain = 2083.656
INFO: [Common 17-1381] The checkpoint 'D:/TCC/NathanZeidan/NathanSZeidan_TCC/HOG/HOG.runs/synth_1/hog_wrapper_wrapper.dcp' has been generated.
INFO: [runtcl-4] Executing : report_utilization -file hog_wrapper_wrapper_utilization_synth.rpt -pb hog_wrapper_wrapper_utilization_synth.pb
INFO: [Common 17-206] Exiting Vivado at Thu Jan 15 16:20:11 2026...
